     Lon     Lat    Year     BNE    BINE     BNS    TeBS     IBS    TeBE    TrBE   TrIBE    TrBR     C3G     C4G     HSE     HSS     LSE    pLSE     LSS    pLSS     GFT     PDS    pPDS     CLM    pCLM  WetGRS   pmoss   Total  Natural_sum Peatland_sum
    19.0    68.0     500   0.000   0.000   0.000   0.000   0.000   0.000   0.000   0.000   0.000   0.000   0.000   0.000   0.000   0.000  -0.000   0.000  -0.000   0.000   0.000   0.000   0.000   0.000  -0.000   0.081   0.081        0.000        0.081
    19.0    68.0     501   0.000   0.000   0.000   0.000   0.000   0.000   0.000   0.000   0.000   0.000   0.000   0.000   0.000   0.000  -0.000   0.000  -0.000   0.000   0.000   0.000   0.000   0.000  -0.000   0.096   0.096        0.000        0.096
    19.0    68.0     502   0.000   0.000   0.000   0.000   0.000   0.000   0.000   0.000   0.000   0.000   0.000   0.000   0.000   0.000  -0.000   0.000  -0.000   0.000   0.000   0.000   0.000   0.000   0.000   0.103   0.103        0.000        0.103
    19.0    68.0     503   0.000   0.000   0.000   0.000   0.000   0.000   0.000   0.000   0.000   0.000   0.000   0.000   0.000   0.000  -0.000   0.000  -0.000   0.000   0.000   0.000   0.000   0.000   0.000   0.100   0.100        0.000        0.100
    19.0    68.0     504   0.000   0.000   0.000   0.000   0.000   0.000   0.000   0.000   0.000   0.000   0.000   0.000   0.000   0.000  -0.000   0.000  -0.000   0.000   0.000   0.000   0.000   0.000  -0.000   0.121   0.121        0.000        0.121
    19.0    68.0     505   0.000   0.000   0.000   0.000   0.000   0.000   0.000   0.000   0.000   0.000   0.000   0.000   0.000   0.000  -0.000   0.000  -0.000   0.000   0.000   0.000   0.000   0.000   0.000   0.091   0.091        0.000        0.091
    19.0    68.0     506   0.000   0.000   0.000   0.000   0.000   0.000   0.000   0.000   0.000   0.000   0.000   0.000   0.000   0.000  -0.000   0.000  -0.000   0.000   0.000   0.000   0.000   0.000   0.000   0.106   0.106        0.000        0.106
    19.0    68.0     507   0.000   0.000   0.000   0.000   0.000   0.000   0.000   0.000   0.000   0.000   0.000   0.000   0.000   0.000  -0.000   0.000  -0.000   0.000   0.000   0.000   0.000   0.000   0.000   0.097   0.097        0.000        0.097
    19.0    68.0     508   0.000   0.000   0.000   0.000   0.000   0.000   0.000   0.000   0.000   0.000   0.000   0.000   0.000   0.000   0.000   0.000  -0.000   0.000   0.000   0.000   0.000   0.000   0.000   0.107   0.107        0.000        0.107
    19.0    68.0     509   0.000   0.000   0.000   0.000   0.000   0.000   0.000   0.000   0.000   0.000   0.000   0.000   0.000   0.000   0.000   0.000   0.000   0.000   0.000   0.000   0.000   0.000   0.000   0.096   0.096        0.000        0.096
    19.0    68.0     510   0.000   0.000   0.000   0.000   0.000   0.000   0.000   0.000   0.000   0.000   0.000   0.000   0.000   0.000   0.000   0.000   0.000   0.000   0.000   0.000   0.000   0.000   0.000   0.107   0.107        0.000        0.107
    19.0    68.0     511   0.000   0.000   0.000   0.000   0.000   0.000   0.000   0.000   0.000   0.000   0.000   0.000   0.000   0.000   0.000   0.000   0.000   0.000   0.000   0.000   0.000   0.000   0.000   0.078   0.078        0.000        0.078
    19.0    68.0     512   0.000   0.000   0.000   0.000   0.000   0.000   0.000   0.000   0.000   0.000   0.000   0.000   0.000   0.000  -0.000   0.000  -0.000   0.000   0.000   0.000   0.000   0.000  -0.000   0.099   0.099        0.000        0.099
    19.0    68.0     513   0.000   0.000   0.000   0.000   0.000   0.000   0.000   0.000   0.000   0.000   0.000   0.000   0.000   0.000  -0.000   0.000  -0.000   0.000   0.000   0.000   0.000   0.000   0.000   0.080   0.080        0.000        0.080
    19.0    68.0     514   0.000   0.000   0.000   0.000   0.000   0.000   0.000   0.000   0.000   0.000   0.000   0.000   0.000   0.000  -0.000   0.000  -0.000   0.000   0.000   0.000   0.000   0.000   0.000   0.093   0.093        0.000        0.093
    19.0    68.0     515   0.000   0.000   0.000   0.000   0.000   0.000   0.000   0.000   0.000   0.000   0.000   0.000   0.000   0.000  -0.000   0.000  -0.000   0.000   0.000   0.000   0.000   0.000   0.000   0.097   0.096        0.000        0.096
    19.0    68.0     516   0.000   0.000   0.000   0.000   0.000   0.000   0.000   0.000   0.000   0.000   0.000   0.000   0.000   0.000   0.000   0.000  -0.000   0.000   0.000   0.000   0.000   0.000   0.000   0.091   0.091        0.000        0.091
    19.0    68.0     517   0.000   0.000   0.000   0.000   0.000   0.000   0.000   0.000   0.000   0.000   0.000   0.000   0.000   0.000   0.000   0.000   0.000   0.000   0.000   0.000   0.000   0.000   0.000   0.090   0.090        0.000        0.090
    19.0    68.0     518   0.000   0.000   0.000   0.000   0.000   0.000   0.000   0.000   0.000   0.000   0.000   0.000   0.000   0.000   0.000   0.000   0.000   0.000   0.000   0.000   0.000   0.000   0.000   0.126   0.126        0.000        0.126
    19.0    68.0     519   0.000   0.000   0.000   0.000   0.000   0.000   0.000   0.000   0.000   0.000   0.000   0.000   0.000   0.000   0.000   0.000   0.000   0.000   0.000   0.000   0.000   0.000   0.000   0.107   0.107        0.000        0.107
    19.0    68.0     520   0.000   0.000   0.000   0.000   0.000   0.000   0.000   0.000   0.000   0.000   0.000   0.000   0.000   0.000   0.000   0.000   0.000   0.000   0.000   0.000   0.000   0.000   0.000   0.124   0.124        0.000        0.124
    19.0    68.0     521   0.000   0.000   0.000   0.000   0.000   0.000   0.000   0.000   0.000   0.000   0.000   0.000   0.000   0.000   0.000   0.000   0.000   0.000   0.000   0.000   0.000   0.000   0.000   0.117   0.117        0.000        0.117
    19.0    68.0     522   0.000   0.000   0.000   0.000   0.000   0.000   0.000   0.000   0.000   0.000   0.000   0.000   0.000   0.000   0.000   0.000   0.000   0.000   0.000   0.000   0.000   0.000  -0.002   0.112   0.110        0.000        0.110
    19.0    68.0     523   0.000   0.000   0.000   0.000   0.000   0.000   0.000   0.000   0.000   0.000   0.000   0.000   0.000   0.000   0.000   0.000   0.000   0.000   0.000   0.000   0.000   0.000   0.000   0.076   0.076        0.000        0.076
    19.0    68.0     524   0.000   0.000   0.000   0.000   0.000   0.000   0.000   0.000   0.000   0.000   0.000   0.000   0.000   0.000   0.000   0.000   0.000   0.000   0.000   0.000   0.000   0.000   0.000   0.084   0.084        0.000        0.084
    19.0    68.0     525   0.000   0.000   0.000   0.000   0.000   0.000   0.000   0.000   0.000   0.000   0.000   0.000   0.000   0.000   0.000   0.000   0.000   0.000   0.000   0.000   0.000   0.000   0.000   0.083   0.083        0.000        0.083
    19.0    68.0     526   0.000   0.000   0.000   0.000   0.000   0.000   0.000   0.000   0.000   0.000   0.000   0.000   0.000   0.000   0.000   0.000   0.000   0.000   0.000   0.000   0.000   0.000   0.000   0.075   0.075        0.000        0.075
    19.0    68.0     527   0.000   0.000   0.000   0.000   0.000   0.000   0.000   0.000   0.000   0.000   0.000   0.000   0.000   0.000  -0.000   0.000  -0.000   0.000   0.000   0.000   0.000   0.000  -0.000   0.137   0.137        0.000        0.137
    19.0    68.0     528   0.000   0.000   0.000   0.000   0.000   0.000   0.000   0.000   0.000   0.000   0.000   0.000   0.000   0.000  -0.000   0.000  -0.000   0.000   0.000   0.000   0.000   0.000   0.000   0.105   0.105        0.000        0.105
    19.0    68.0     529   0.000   0.000   0.000   0.000   0.000   0.000   0.000   0.000   0.000   0.000   0.000   0.000   0.000   0.000  -0.000   0.000  -0.000   0.000   0.000   0.000   0.000   0.000   0.000   0.090   0.090        0.000        0.090
    19.0    68.0     530   0.000   0.000   0.000   0.000   0.000   0.000   0.000   0.000   0.000   0.000   0.000   0.000   0.000   0.000   0.000   0.000  -0.000   0.000   0.000   0.000   0.000   0.000   0.000   0.097   0.097        0.000        0.097
    19.0    68.0     531   0.000   0.000   0.000   0.000   0.000   0.000   0.000   0.000   0.000   0.000   0.000   0.000   0.000   0.000   0.000   0.000  -0.000   0.000   0.000   0.000   0.000   0.000   0.000   0.097   0.097        0.000        0.097
    19.0    68.0     532   0.000   0.000   0.000   0.000   0.000   0.000   0.000   0.000   0.000   0.000   0.000   0.000   0.000   0.000   0.000   0.000   0.000   0.000   0.000   0.000   0.000   0.000   0.000   0.106   0.106        0.000        0.106
    19.0    68.0     533   0.000   0.000   0.000   0.000   0.000   0.000   0.000   0.000   0.000   0.000   0.000   0.000   0.000   0.000   0.000   0.000   0.000   0.000   0.000   0.000   0.000   0.000  -0.001   0.104   0.103        0.000        0.103
    19.0    68.0     534   0.000   0.000   0.000   0.000   0.000   0.000   0.000   0.000   0.000   0.000   0.000   0.000   0.000   0.000   0.000   0.000   0.000   0.000   0.000   0.000   0.000   0.000   0.000   0.077   0.077        0.000        0.077
    19.0    68.0     535   0.000   0.000   0.000   0.000   0.000   0.000   0.000   0.000   0.000   0.000   0.000   0.000   0.000   0.000   0.000   0.000   0.000   0.000   0.000   0.000   0.000   0.000  -0.001   0.137   0.136        0.000        0.136
    19.0    68.0     536   0.000   0.000   0.000   0.000   0.000   0.000   0.000   0.000   0.000   0.000   0.000   0.000   0.000   0.000   0.000   0.000   0.000   0.000   0.000   0.000   0.000   0.000   0.000   0.112   0.112        0.000        0.112
    19.0    68.0     537   0.000   0.000   0.000   0.000   0.000   0.000   0.000   0.000   0.000   0.000   0.000   0.000   0.000   0.000   0.000   0.000   0.000   0.000   0.000   0.000   0.000   0.000   0.000   0.087   0.087        0.000        0.087
    19.0    68.0     538   0.000   0.000   0.000   0.000   0.000   0.000   0.000   0.000   0.000   0.000   0.000   0.000   0.000   0.000   0.000   0.000   0.000   0.000   0.000   0.000   0.000   0.000   0.000   0.083   0.083        0.000        0.083
    19.0    68.0     539   0.000   0.000   0.000   0.000   0.000   0.000   0.000   0.000   0.000   0.000   0.000   0.000   0.000   0.000   0.000   0.000  -0.000   0.000   0.000   0.000   0.000   0.000   0.000   0.124   0.124        0.000        0.124
    19.0    68.0     540   0.000   0.000   0.000   0.000   0.000   0.000   0.000   0.000   0.000   0.000   0.000   0.000   0.000   0.000  -0.000   0.000  -0.000   0.000   0.000   0.000   0.000   0.000   0.000   0.074   0.074        0.000        0.074
    19.0    68.0     541   0.000   0.000   0.000   0.000   0.000   0.000   0.000   0.000   0.000   0.000   0.000   0.000   0.000   0.000  -0.000   0.000   0.000   0.000   0.000   0.000   0.000   0.000   0.000   0.108   0.108        0.000        0.108
    19.0    68.0     542   0.000   0.000   0.000   0.000   0.000   0.000   0.000   0.000   0.000   0.000   0.000   0.000   0.000   0.000  -0.000   0.000  -0.000   0.000   0.000   0.000   0.000   0.000   0.000   0.110   0.110        0.000        0.110
    19.0    68.0     543   0.000   0.000   0.000   0.000   0.000   0.000   0.000   0.000   0.000   0.000   0.000   0.000   0.000   0.000   0.000   0.000  -0.000   0.000   0.000   0.000   0.000   0.000   0.000   0.089   0.089        0.000        0.089
    19.0    68.0     544   0.000   0.000   0.000   0.000   0.000   0.000   0.000   0.000   0.000   0.000   0.000   0.000   0.000   0.000   0.000   0.000   0.000   0.000   0.000   0.000   0.000   0.000   0.000   0.077   0.077        0.000        0.077
    19.0    68.0     545   0.000   0.000   0.000   0.000   0.000   0.000   0.000   0.000   0.000   0.000   0.000   0.000   0.000   0.000   0.000   0.000   0.000   0.000   0.000   0.000   0.000   0.000   0.000   0.104   0.104        0.000        0.104
    19.0    68.0     546   0.000   0.000   0.000   0.000   0.000   0.000   0.000   0.000   0.000   0.000   0.000   0.000   0.000   0.000   0.000   0.000   0.000   0.000   0.000   0.000   0.000   0.000   0.000   0.129   0.129        0.000        0.129
    19.0    68.0     547   0.000   0.000   0.000   0.000   0.000   0.000   0.000   0.000   0.000   0.000   0.000   0.000   0.000   0.000   0.000   0.000   0.000   0.000   0.000   0.000   0.000   0.000   0.000   0.100   0.100        0.000        0.100
    19.0    68.0     548   0.000   0.000   0.000   0.000   0.000   0.000   0.000   0.000   0.000   0.000   0.000   0.000   0.000   0.000   0.000   0.000   0.000   0.000   0.000   0.000   0.000   0.000   0.000   0.110   0.110        0.000        0.110
    19.0    68.0     549   0.000   0.000   0.000   0.000   0.000   0.000   0.000   0.000   0.000   0.000   0.000   0.000   0.000   0.000   0.000   0.000   0.000   0.000   0.000   0.000   0.000   0.000   0.000   0.104   0.104        0.000        0.104
    19.0    68.0     550   0.000   0.000   0.000   0.000   0.000   0.000   0.000   0.000   0.000   0.000   0.000   0.000   0.000   0.000   0.000   0.000   0.000   0.000   0.000   0.000   0.000   0.000  -0.001   0.098   0.097        0.000        0.097
    19.0    68.0     551   0.000   0.000   0.000   0.000   0.000   0.000   0.000   0.000   0.000   0.000   0.000   0.000   0.000   0.000   0.000   0.000   0.000   0.000   0.000   0.000   0.000   0.000   0.000   0.068   0.068        0.000        0.068
    19.0    68.0     552   0.000   0.000   0.000   0.000   0.000   0.000   0.000   0.000   0.000   0.000   0.000   0.000   0.000   0.000  -0.000   0.000  -0.000   0.000   0.000   0.000   0.000   0.000  -0.000   0.087   0.087        0.000        0.087
    19.0    68.0     553   0.000   0.000   0.000   0.000   0.000   0.000   0.000   0.000   0.000   0.000   0.000   0.000   0.000   0.000  -0.000   0.000  -0.000   0.000   0.000   0.000   0.000   0.000  -0.000   0.104   0.104        0.000        0.104
    19.0    68.0     554   0.000   0.000   0.000   0.000   0.000   0.000   0.000   0.000   0.000   0.000   0.000   0.000   0.000   0.000  -0.000   0.000  -0.000   0.000   0.000   0.000   0.000   0.000   0.000   0.081   0.081        0.000        0.081
    19.0    68.0     555   0.000   0.000   0.000   0.000   0.000   0.000   0.000   0.000   0.000   0.000   0.000   0.000   0.000   0.000  -0.000   0.000  -0.000   0.000   0.000   0.000   0.000   0.000   0.000   0.092   0.092        0.000        0.092
    19.0    68.0     556   0.000   0.000   0.000   0.000   0.000   0.000   0.000   0.000   0.000   0.000   0.000   0.000   0.000   0.000  -0.000   0.000  -0.000   0.000   0.000   0.000   0.000   0.000   0.000   0.096   0.096        0.000        0.096
    19.0    68.0     557   0.000   0.000   0.000   0.000   0.000   0.000   0.000   0.000   0.000   0.000   0.000   0.000   0.000   0.000  -0.000   0.000  -0.000   0.000   0.000   0.000   0.000   0.000   0.000   0.107   0.107        0.000        0.107
    19.0    68.0     558   0.000   0.000   0.000   0.000   0.000   0.000   0.000   0.000   0.000   0.000   0.000   0.000   0.000   0.000   0.000   0.000  -0.000   0.000   0.000   0.000   0.000   0.000   0.000   0.106   0.106        0.000        0.106
    19.0    68.0     559   0.000   0.000   0.000   0.000   0.000   0.000   0.000   0.000   0.000   0.000   0.000   0.000   0.000   0.000   0.000   0.000   0.000   0.000   0.000   0.000   0.000   0.000   0.000   0.118   0.118        0.000        0.118
    19.0    68.0     560   0.000   0.000   0.000   0.000   0.000   0.000   0.000   0.000   0.000   0.000   0.000   0.000   0.000   0.000   0.000   0.000   0.000   0.000   0.000   0.000   0.000   0.000  -0.002   0.131   0.130        0.000        0.130
    19.0    68.0     561   0.000   0.000   0.000   0.000   0.000   0.000   0.000   0.000   0.000   0.000   0.000   0.000   0.000   0.000   0.000   0.000   0.000   0.000   0.000   0.000   0.000   0.000   0.000   0.094   0.094        0.000        0.094
    19.0    68.0     562   0.000   0.000   0.000   0.000   0.000   0.000   0.000   0.000   0.000   0.000   0.000   0.000   0.000   0.000   0.000   0.000   0.000   0.000   0.000   0.000   0.000   0.000  -0.002   0.118   0.117        0.000        0.117
    19.0    68.0     563   0.000   0.000   0.000   0.000   0.000   0.000   0.000   0.000   0.000   0.000   0.000   0.000   0.000   0.000   0.000   0.000   0.000   0.000   0.000   0.000   0.000   0.000   0.000   0.098   0.098        0.000        0.098
    19.0    68.0     564   0.000   0.000   0.000   0.000   0.000   0.000   0.000   0.000   0.000   0.000   0.000   0.000   0.000   0.000   0.000   0.000   0.000   0.000   0.000   0.000   0.000   0.000  -0.001   0.074   0.073        0.000        0.073
    19.0    68.0     565   0.000   0.000   0.000   0.000   0.000   0.000   0.000   0.000   0.000   0.000   0.000   0.000   0.000   0.000  -0.000   0.000  -0.000   0.000   0.000   0.000   0.000   0.000  -0.000   0.097   0.097        0.000        0.097
    19.0    68.0     566   0.000   0.000   0.000   0.000   0.000   0.000   0.000   0.000   0.000   0.000   0.000   0.000   0.000   0.000  -0.000   0.000  -0.000   0.000   0.000   0.000   0.000   0.000  -0.000   0.127   0.126        0.000        0.126
    19.0    68.0     567   0.000   0.000   0.000   0.000   0.000   0.000   0.000   0.000   0.000   0.000   0.000   0.000   0.000   0.000  -0.000   0.000  -0.000   0.000   0.000   0.000   0.000   0.000   0.000   0.071   0.071        0.000        0.071
    19.0    68.0     568   0.000   0.000   0.000   0.000   0.000   0.000   0.000   0.000   0.000   0.000   0.000   0.000   0.000   0.000  -0.000   0.000  -0.000   0.000   0.000   0.000   0.000   0.000  -0.000   0.093   0.093        0.000        0.093
    19.0    68.0     569   0.000   0.000   0.000   0.000   0.000   0.000   0.000   0.000   0.000   0.000   0.000   0.000   0.000   0.000   0.000   0.000  -0.000   0.000   0.000   0.000   0.000   0.000   0.000   0.116   0.116        0.000        0.116
    19.0    68.0     570   0.000   0.000   0.000   0.000   0.000   0.000   0.000   0.000   0.000   0.000   0.000   0.000   0.000   0.000   0.000   0.000   0.000   0.000   0.000   0.000   0.000   0.000   0.000   0.104   0.104        0.000        0.104
    19.0    68.0     571   0.000   0.000   0.000   0.000   0.000   0.000   0.000   0.000   0.000   0.000   0.000   0.000   0.000   0.000   0.000   0.000   0.000   0.000   0.000   0.000   0.000   0.000   0.000   0.105   0.105        0.000        0.105
    19.0    68.0     572   0.000   0.000   0.000   0.000   0.000   0.000   0.000   0.000   0.000   0.000   0.000   0.000   0.000   0.000   0.000   0.000   0.000   0.000   0.000   0.000   0.000   0.000   0.000   0.095   0.095        0.000        0.095
    19.0    68.0     573   0.000   0.000   0.000   0.000   0.000   0.000   0.000   0.000   0.000   0.000   0.000   0.000   0.000   0.000   0.000   0.000   0.000   0.000   0.000   0.000   0.000   0.000  -0.001   0.123   0.122        0.000        0.122
    19.0    68.0     574   0.000   0.000   0.000   0.000   0.000   0.000   0.000   0.000   0.000   0.000   0.000   0.000   0.000   0.000   0.000   0.000   0.000   0.000   0.000   0.000   0.000   0.000   0.000   0.109   0.109        0.000        0.109
    19.0    68.0     575   0.000   0.000   0.000   0.000   0.000   0.000   0.000   0.000   0.000   0.000   0.000   0.000   0.000   0.000   0.000   0.000   0.000   0.000   0.000   0.000   0.000   0.000   0.000   0.106   0.106        0.000        0.106
    19.0    68.0     576   0.000   0.000   0.000   0.000   0.000   0.000   0.000   0.000   0.000   0.000   0.000   0.000   0.000   0.000   0.000   0.000   0.000   0.000   0.000   0.000   0.000   0.000  -0.000   0.116   0.116        0.000        0.116
    19.0    68.0     577   0.000   0.000   0.000   0.000   0.000   0.000   0.000   0.000   0.000   0.000   0.000   0.000   0.000   0.000   0.000   0.000   0.000   0.000   0.000   0.000   0.000   0.000   0.000   0.095   0.095        0.000        0.095
    19.0    68.0     578   0.000   0.000   0.000   0.000   0.000   0.000   0.000   0.000   0.000   0.000   0.000   0.000   0.000   0.000   0.000   0.000   0.000   0.000   0.000   0.000   0.000   0.000   0.000   0.099   0.099        0.000        0.099
    19.0    68.0     579   0.000   0.000   0.000   0.000   0.000   0.000   0.000   0.000   0.000   0.000   0.000   0.000   0.000   0.000   0.000   0.000   0.000   0.000   0.000   0.000   0.000   0.000   0.000   0.109   0.109        0.000        0.109
    19.0    68.0     580   0.000   0.000   0.000   0.000   0.000   0.000   0.000   0.000   0.000   0.000   0.000   0.000   0.000   0.000   0.000   0.000   0.000   0.000   0.000   0.000   0.000   0.000   0.000   0.123   0.123        0.000        0.123
    19.0    68.0     581   0.000   0.000   0.000   0.000   0.000   0.000   0.000   0.000   0.000   0.000   0.000   0.000   0.000   0.000   0.000   0.000   0.000   0.000   0.000   0.000   0.000   0.000   0.000   0.097   0.097        0.000        0.097
    19.0    68.0     582   0.000   0.000   0.000   0.000   0.000   0.000   0.000   0.000   0.000   0.000   0.000   0.000   0.000   0.000  -0.000   0.000  -0.000   0.000   0.000   0.000   0.000   0.000   0.000   0.150   0.150        0.000        0.150
    19.0    68.0     583   0.000   0.000   0.000   0.000   0.000   0.000   0.000   0.000   0.000   0.000   0.000   0.000   0.000   0.000  -0.000   0.000  -0.000   0.000   0.000   0.000   0.000   0.000   0.000   0.119   0.119        0.000        0.119
    19.0    68.0     584   0.000   0.000   0.000   0.000   0.000   0.000   0.000   0.000   0.000   0.000   0.000   0.000   0.000   0.000  -0.000   0.000  -0.000   0.000   0.000   0.000   0.000   0.000  -0.004   0.103   0.099        0.000        0.099
    19.0    68.0     585   0.000   0.000   0.000   0.000   0.000   0.000   0.000   0.000   0.000   0.000   0.000   0.000   0.000   0.000  -0.000   0.000  -0.000   0.000   0.000   0.000   0.000   0.000   0.000   0.095   0.095        0.000        0.095
    19.0    68.0     586   0.000   0.000   0.000   0.000   0.000   0.000   0.000   0.000   0.000   0.000   0.000   0.000   0.000   0.000  -0.000   0.000  -0.000   0.000   0.000   0.000   0.000   0.000   0.000   0.107   0.107        0.000        0.107
    19.0    68.0     587   0.000   0.000   0.000   0.000   0.000   0.000   0.000   0.000   0.000   0.000   0.000   0.000   0.000   0.000  -0.000   0.000  -0.000   0.000   0.000   0.000   0.000   0.000   0.000   0.125   0.125        0.000        0.125
    19.0    68.0     588   0.000   0.000   0.000   0.000   0.000   0.000   0.000   0.000   0.000   0.000   0.000   0.000   0.000   0.000   0.000   0.000  -0.000   0.000   0.000   0.000   0.000   0.000   0.000   0.115   0.115        0.000        0.115
    19.0    68.0     589   0.000   0.000   0.000   0.000   0.000   0.000   0.000   0.000   0.000   0.000   0.000   0.000   0.000   0.000   0.000   0.000  -0.000   0.000   0.000   0.000   0.000   0.000   0.000   0.101   0.101        0.000        0.101
    19.0    68.0     590   0.000   0.000   0.000   0.000   0.000   0.000   0.000   0.000   0.000   0.000   0.000   0.000   0.000   0.000   0.000   0.000   0.000   0.000   0.000   0.000   0.000   0.000  -0.004   0.107   0.103        0.000        0.103
    19.0    68.0     591   0.000   0.000   0.000   0.000   0.000   0.000   0.000   0.000   0.000   0.000   0.000   0.000   0.000   0.000   0.000   0.000   0.000   0.000   0.000   0.000   0.000   0.000   0.000   0.108   0.108        0.000        0.108
    19.0    68.0     592   0.000   0.000   0.000   0.000   0.000   0.000   0.000   0.000   0.000   0.000   0.000   0.000   0.000   0.000   0.000   0.000   0.000   0.000   0.000   0.000   0.000   0.000  -0.003   0.099   0.097        0.000        0.097
    19.0    68.0     593   0.000   0.000   0.000   0.000   0.000   0.000   0.000   0.000   0.000   0.000   0.000   0.000   0.000   0.000   0.000   0.000   0.000   0.000   0.000   0.000   0.000   0.000   0.000   0.084   0.084        0.000        0.084
    19.0    68.0     594   0.000   0.000   0.000   0.000   0.000   0.000   0.000   0.000   0.000   0.000   0.000   0.000   0.000   0.000   0.000   0.000   0.000   0.000   0.000   0.000   0.000   0.000   0.000   0.109   0.109        0.000        0.109
    19.0    68.0     595   0.000   0.000   0.000   0.000   0.000   0.000   0.000   0.000   0.000   0.000   0.000   0.000   0.000   0.000   0.000   0.000   0.000   0.000   0.000   0.000   0.000   0.000   0.000   0.089   0.089        0.000        0.089
    19.0    68.0     596   0.000   0.000   0.000   0.000   0.000   0.000   0.000   0.000   0.000   0.000   0.000   0.000   0.000   0.000   0.000   0.000   0.000   0.000   0.000   0.000   0.000   0.000  -0.004   0.086   0.082        0.000        0.082
    19.0    68.0     597   0.000   0.000   0.000   0.000   0.000   0.000   0.000   0.000   0.000   0.000   0.000   0.000   0.000   0.000   0.000   0.000   0.000   0.000   0.000   0.000   0.000   0.000   0.000   0.079   0.079        0.000        0.079
    19.0    68.0     598   0.000   0.000   0.000   0.000   0.000   0.000   0.000   0.000   0.000   0.000   0.000   0.000   0.000   0.000   0.000   0.000   0.000   0.000   0.000   0.000   0.000   0.000   0.000   0.122   0.122        0.000        0.122
    19.0    68.0     599   0.000   0.000   0.000   0.000   0.000   0.000   0.000   0.000   0.000   0.000   0.000   0.000   0.000   0.000   0.000   0.000   0.000   0.000   0.000   0.000   0.000   0.000   0.000   0.091   0.091        0.000        0.091
    19.0    68.0     600   0.000   0.000   0.000   0.000   0.000   0.000   0.000   0.000   0.000   0.000   0.000   0.000   0.000   0.000  -0.000   0.000  -0.000   0.000   0.000   0.000   0.000   0.000  -0.002   0.115   0.113        0.000        0.113
    19.0    68.0     601   0.000   0.000   0.000   0.000   0.000   0.000   0.000   0.000   0.000   0.000   0.000   0.000   0.000   0.000  -0.000   0.000  -0.000   0.000   0.000   0.000   0.000   0.000   0.000   0.093   0.093        0.000        0.093
    19.0    68.0     602   0.000   0.000   0.000   0.000   0.000   0.000   0.000   0.000   0.000   0.000   0.000   0.000   0.000   0.000   0.000   0.000   0.000   0.000   0.000   0.000   0.000   0.000  -0.004   0.118   0.114        0.000        0.114
    19.0    68.0     603   0.000   0.000   0.000   0.000   0.000   0.000   0.000   0.000   0.000   0.000   0.000   0.000   0.000   0.000   0.000   0.000   0.000   0.000   0.000   0.000   0.000   0.000   0.000   0.122   0.122        0.000        0.122
    19.0    68.0     604   0.000   0.000   0.000   0.000   0.000   0.000   0.000   0.000   0.000   0.000   0.000   0.000   0.000   0.000  -0.000   0.000  -0.000   0.000   0.000   0.000   0.000   0.000  -0.000   0.116   0.116        0.000        0.116
    19.0    68.0     605   0.000   0.000   0.000   0.000   0.000   0.000   0.000   0.000   0.000   0.000   0.000   0.000   0.000   0.000   0.000   0.000   0.000   0.000   0.000   0.000   0.000   0.000  -0.004   0.129   0.125        0.000        0.125
